# JRE version: OpenJDK Runtime Environment Zulu15.34+17-CA (15.0.4+5) (build 15.0.4+5-MTS)
# Java VM: OpenJDK 64-Bit Server VM Zulu15.34+17-CA (15.0.4+5-MTS, mixed mode, tiered, compressed oops, g1 gc, bsd-aarch64)
GC Precious Log:
 CPUs: 8 total, 8 available
 Memory: 16384M
 Large Page Support: Disabled
 NUMA Support: Disabled
 Compressed Oops: Enabled (Zero based)
 Heap Region Size: 2M
 Heap Min Capacity: 8M
 Heap Initial Capacity: 256M
 Heap Max Capacity: 4G
 Pre-touch: Disabled
 Parallel Workers: 8
 Concurrent Workers: 2
 Concurrent Refinement Workers: 8
 Periodic GC: Disabled
Heap:
 garbage-first heap   total 81920K, used 43944K [0x00000006c0000000, 0x00000007c0000000)
  region size 2048K, 14 young (28672K), 3 survivors (6144K)
 Metaspace       used 42615K, capacity 43138K, committed 43440K, reserved 1087488K
  class space    used 4832K, capacity 4993K, committed 5120K, reserved 1048576K
GC Heap History (16 events):
Event: 0.298 GC heap before
{Heap before GC invocations=0 (full 0):
 garbage-first heap   total 262144K, used 20480K [0x00000006c0000000, 0x00000007c0000000)
  region size 2048K, 11 young (22528K), 0 survivors (0K)
 Metaspace       used 9493K, capacity 9649K, committed 9984K, reserved 1058816K
  class space    used 868K, capacity 915K, committed 1024K, reserved 1048576K
}
Event: 0.301 GC heap after
{Heap after GC invocations=1 (full 0):
 garbage-first heap   total 262144K, used 9497K [0x00000006c0000000, 0x00000007c0000000)
  region size 2048K, 2 young (4096K), 2 survivors (4096K)
 Metaspace       used 9493K, capacity 9649K, committed 9984K, reserved 1058816K
  class space    used 868K, capacity 915K, committed 1024K, reserved 1048576K
}
Event: 0.549 GC heap before
{Heap before GC invocations=1 (full 0):
 garbage-first heap   total 262144K, used 29977K [0x00000006c0000000, 0x00000007c0000000)
  region size 2048K, 12 young (24576K), 2 survivors (4096K)
 Metaspace       used 15637K, capacity 15928K, committed 16128K, reserved 1062912K
  class space    used 1612K, capacity 1721K, committed 1792K, reserved 1048576K
}
Event: 0.551 GC heap after
{Heap after GC invocations=2 (full 0):
 garbage-first heap   total 262144K, used 11078K [0x00000006c0000000, 0x00000007c0000000)
  region size 2048K, 1 young (2048K), 1 survivors (2048K)
 Metaspace       used 15637K, capacity 15928K, committed 16128K, reserved 1062912K
  class space    used 1612K, capacity 1721K, committed 1792K, reserved 1048576K
}
Event: 0.696 GC heap before
{Heap before GC invocations=2 (full 0):
 garbage-first heap   total 262144K, used 27462K [0x00000006c0000000, 0x00000007c0000000)
  region size 2048K, 10 young (20480K), 1 survivors (2048K)
 Metaspace       used 20882K, capacity 21184K, committed 21296K, reserved 1069056K
  class space    used 2261K, capacity 2384K, committed 2432K, reserved 1048576K
}
Event: 0.698 GC heap after
{Heap after GC invocations=3 (full 0):
 garbage-first heap   total 262144K, used 12213K [0x00000006c0000000, 0x00000007c0000000)
  region size 2048K, 2 young (4096K), 2 survivors (4096K)
 Metaspace       used 20882K, capacity 21184K, committed 21296K, reserved 1069056K
  class space    used 2261K, capacity 2384K, committed 2432K, reserved 1048576K
}
Event: 0.870 GC heap before
{Heap before GC invocations=4 (full 0):
 garbage-first heap   total 61440K, used 57269K [0x00000006c0000000, 0x00000007c0000000)
  region size 2048K, 25 young (51200K), 2 survivors (4096K)
 Metaspace       used 28521K, capacity 28870K, committed 29232K, reserved 1075200K
  class space    used 3261K, capacity 3384K, committed 3456K, reserved 1048576K
}
Event: 0.873 GC heap after
{Heap after GC invocations=5 (full 0):
 garbage-first heap   total 67584K, used 14828K [0x00000006c0000000, 0x00000007c0000000)
  region size 2048K, 3 young (6144K), 3 survivors (6144K)
 Metaspace       used 28521K, capacity 28870K, committed 29232K, reserved 1075200K
  class space    used 3261K, capacity 3384K, committed 3456K, reserved 1048576K
}
Event: 0.979 GC heap before
{Heap before GC invocations=5 (full 0):
 garbage-first heap   total 67584K, used 39404K [0x00000006c0000000, 0x00000007c0000000)
  region size 2048K, 16 young (32768K), 3 survivors (6144K)
 Metaspace       used 30052K, capacity 30449K, committed 30640K, reserved 1077248K
  class space    used 3438K, capacity 3571K, committed 3584K, reserved 1048576K
}
Event: 0.983 GC heap after
{Heap after GC invocations=6 (full 0):
 garbage-first heap   total 81920K, used 16470K [0x00000006c0000000, 0x00000007c0000000)
  region size 2048K, 1 young (2048K), 1 survivors (2048K)
 Metaspace       used 30052K, capacity 30449K, committed 30640K, reserved 1077248K
  class space    used 3438K, capacity 3571K, committed 3584K, reserved 1048576K
}
Event: 1.145 GC heap before
{Heap before GC invocations=6 (full 0):
 garbage-first heap   total 81920K, used 55382K [0x00000006c0000000, 0x00000007c0000000)
  region size 2048K, 20 young (40960K), 1 survivors (2048K)
 Metaspace       used 33486K, capacity 33922K, committed 34096K, reserved 1079296K
  class space    used 3791K, capacity 3956K, committed 3968K, reserved 1048576K
}
Event: 1.148 GC heap after
{Heap after GC invocations=7 (full 0):
 garbage-first heap   total 81920K, used 18286K [0x00000006c0000000, 0x00000007c0000000)
  region size 2048K, 2 young (4096K), 2 survivors (4096K)
 Metaspace       used 33486K, capacity 33922K, committed 34096K, reserved 1079296K
  class space    used 3791K, capacity 3956K, committed 3968K, reserved 1048576K
}
Event: 1.287 GC heap before
{Heap before GC invocations=7 (full 0):
 garbage-first heap   total 81920K, used 40814K [0x00000006c0000000, 0x00000007c0000000)
  region size 2048K, 14 young (28672K), 2 survivors (4096K)
 Metaspace       used 35373K, capacity 35822K, committed 35888K, reserved 1081344K
  class space    used 4035K, capacity 4197K, committed 4224K, reserved 1048576K
}
Event: 1.289 GC heap after
{Heap after GC invocations=8 (full 0):
 garbage-first heap   total 81920K, used 19591K [0x00000006c0000000, 0x00000007c0000000)
  region size 2048K, 2 young (4096K), 2 survivors (4096K)
 Metaspace       used 35373K, capacity 35822K, committed 35888K, reserved 1081344K
  class space    used 4035K, capacity 4197K, committed 4224K, reserved 1048576K
}
Event: 1.593 GC heap before
{Heap before GC invocations=9 (full 0):
 garbage-first heap   total 81920K, used 58503K [0x00000006c0000000, 0x00000007c0000000)
  region size 2048K, 21 young (43008K), 2 survivors (4096K)
 Metaspace       used 40529K, capacity 41039K, committed 41392K, reserved 1085440K
  class space    used 4596K, capacity 4765K, committed 4864K, reserved 1048576K
}
Event: 1.597 GC heap after
{Heap after GC invocations=10 (full 0):
 garbage-first heap   total 81920K, used 23464K [0x00000006c0000000, 0x00000007c0000000)
  region size 2048K, 3 young (6144K), 3 survivors (6144K)
 Metaspace       used 40529K, capacity 41039K, committed 41392K, reserved 1085440K
  class space    used 4596K, capacity 4765K, committed 4864K, reserved 1048576K
}

